2023-09-25 23:15:55.361 +0530 [debug] ([34mconfigs.js[0m) [31mloaded default configs as "{"updates":{"manifest_url":"https://ssdk.surveysparrow.dev/assets/ssdk/updates.json","period":1},"log":{"level":"info"},"javascript":{"ecma_version":2020},"request":{"timeout":5000}}"[0m
2023-09-25 23:15:55.365 +0530 [debug] ([34mfile.js[0m) [31mError while requiring C:\Users\Aswathy/.ssdk/configs.json: Cannot find module 'C:\Users\Aswathy/.ssdk/configs.json'
Require stack:
- C:\ProgramData\nvm\v18.18.0\node_modules\ssdk\lib\utils\file.js
- C:\ProgramData\nvm\v18.18.0\node_modules\ssdk\lib\configs.js
- C:\ProgramData\nvm\v18.18.0\node_modules\ssdk\lib\logger.js
- C:\ProgramData\nvm\v18.18.0\node_modules\ssdk\index.js[0m
2023-09-25 23:15:55.366 +0530 [debug] ([34mconfigs.js[0m) [31mloaded global configs as "{}"[0m
2023-09-25 23:15:55.366 +0530 [debug] ([34mfile.js[0m) [31mError while requiring D:\AppNest\src/.ssdk/configs.json: Cannot find module 'D:\AppNest\src/.ssdk/configs.json'
Require stack:
- C:\ProgramData\nvm\v18.18.0\node_modules\ssdk\lib\utils\file.js
- C:\ProgramData\nvm\v18.18.0\node_modules\ssdk\lib\configs.js
- C:\ProgramData\nvm\v18.18.0\node_modules\ssdk\lib\logger.js
- C:\ProgramData\nvm\v18.18.0\node_modules\ssdk\index.js[0m
2023-09-25 23:15:55.367 +0530 [debug] ([34mconfigs.js[0m) [31mloaded local configs as "{}"[0m
2023-09-25 23:15:55.367 +0530 [debug] ([34mconfigs.js[0m) [31mloaded env configs as "{"updates":{},"log":{},"javascript":{},"request":{"timeout":5000}}"[0m
2023-09-25 23:15:55.368 +0530 [debug] ([34mconfigs.js[0m) [31mloaded resolved configs as "{"updates":{"manifest_url":"https://ssdk.surveysparrow.dev/assets/ssdk/updates.json","period":1},"log":{"level":"info"},"javascript":{"ecma_version":2020},"request":{"timeout":5000}}"[0m
2023-09-25 23:15:55.368 +0530 [debug] ([34mlogger.js[0m) [31mStarting SSDK in node v18.18.0 on win32[0m
2023-09-25 23:15:55.368 +0530 [debug] ([34msequelize.js[0m) [31msetting up sqilite at "D:\AppNest\src/.ssdk/store.sqlite"[0m
2023-09-25 23:15:55.369 +0530 [debug] ([34mdata.js[0m) [31mRead {"version_details":{"cli":{"deprecated":{"version":"<-0.1.0","message":"This SSDK version will be deprecated by Dec 31, 2023 There will be no further feature updates to this version. For a seamless app building experience, ensure to move to the latest SSDK version. For more information, see https://sdk.surveysparrow.dev/."},"forced":{"version":"0.1.6","command":"npm install https://ssdk.surveysparrow.dev/ssdk.tgz -g","message":"Your SSDK version has been forced updated to v0.1.6, please visit https://sdk.surveysparrow.dev/ to know more"},"latest":{"version":"0.1.6","command":"npm install https://ssdk.surveysparrow.dev/ssdk.tgz -g","message":"You are on the latest SSDK version. For information on the features available as part of this SSDK version, see https://sdk.surveysparrow.dev/."}},"addon":{"version":"1.13.1","url":"https://ssdk.surveysparrow.dev/addons/addon.zip"}},"last_updated":{"time_stamp":1695659182089}}[0m
2023-09-25 23:15:55.369 +0530 [debug] ([34mupdater.js[0m) [31mlast check more than 1 hours ago, looking for updates again[0m
2023-09-25 23:15:57.109 +0530 [debug] ([34mupdater.js[0m) [31mdownloaded update manifest as {"cli":{"deprecated":{"version":"<-0.1.0","message":"This SSDK version will be deprecated by Dec 31, 2023 There will be no further feature updates to this version. For a seamless app building experience, ensure to move to the latest SSDK version. For more information, see https://sdk.surveysparrow.dev/."},"forced":{"version":"0.1.6","command":"npm install https://ssdk.surveysparrow.dev/ssdk.tgz -g","message":"Your SSDK version has been forced updated to v0.1.6, please visit https://sdk.surveysparrow.dev/ to know more"},"latest":{"version":"0.1.6","command":"npm install https://ssdk.surveysparrow.dev/ssdk.tgz -g","message":"You are on the latest SSDK version. For information on the features available as part of this SSDK version, see https://sdk.surveysparrow.dev/."}},"addon":{"version":"1.13.1","url":"https://ssdk.surveysparrow.dev/addons/addon.zip"}}[0m
